<?xml version="1.0" encoding="UTF-8"?>
<testng-results ignored="0" total="1" passed="1" failed="0" skipped="0">
  <reporter-output>
  </reporter-output>
  <suite started-at="2025-01-09T11:26:11 IST" name="Default suite" finished-at="2025-01-09T11:26:46 IST" duration-ms="35240">
    <groups>
      <group name="cucumber">
        <method signature="AbstractTestNGCucumberTests.runScenario(io.cucumber.testng.PickleWrapper,io.cucumber.testng.FeatureWrapper)[pri:0, instance:runner.RunnerCucumber@6892b3b6]" name="runScenario" class="io.cucumber.testng.AbstractTestNGCucumberTests"/>
      </group> <!-- cucumber -->
    </groups>
    <test started-at="2025-01-09T11:26:11 IST" name="Default test" finished-at="2025-01-09T11:26:46 IST" duration-ms="35240">
      <class name="runner.RunnerCucumber">
        <test-method is-config="true" signature="setUpClass(org.testng.ITestContext)[pri:0, instance:runner.RunnerCucumber@6892b3b6]" started-at="2025-01-09T11:26:11 IST" name="setUpClass" finished-at="2025-01-09T11:26:12 IST" duration-ms="545" status="PASS">
          <params>
            <param index="0">
              <value>
                <![CDATA[org.testng.TestRunner@432af457]]>
              </value>
            </param>
          </params>
          <reporter-output>
          </reporter-output>
        </test-method> <!-- setUpClass -->
        <test-method is-config="true" signature="preCondition()[pri:0, instance:runner.RunnerCucumber@6892b3b6]" started-at="2025-01-09T11:26:12 IST" name="preCondition" finished-at="2025-01-09T11:26:17 IST" duration-ms="5657" status="PASS">
          <reporter-output>
          </reporter-output>
        </test-method> <!-- preCondition -->
        <test-method signature="runScenario(io.cucumber.testng.PickleWrapper,io.cucumber.testng.FeatureWrapper)[pri:0, instance:runner.RunnerCucumber@6892b3b6]" started-at="2025-01-09T11:26:17 IST" name="runScenario" description="Runs Cucumber Scenarios" data-provider="scenarios" finished-at="2025-01-09T11:26:43 IST" duration-ms="25842" status="PASS">
          <params>
            <param index="0">
              <value>
                <![CDATA["Salesforce Account creation with Ownership"]]>
              </value>
            </param>
            <param index="1">
              <value>
                <![CDATA["Creation of Account in Salesforce"]]>
              </value>
            </param>
          </params>
          <reporter-output>
          </reporter-output>
        </test-method> <!-- runScenario -->
        <test-method is-config="true" signature="postCondition()[pri:0, instance:runner.RunnerCucumber@6892b3b6]" started-at="2025-01-09T11:26:43 IST" name="postCondition" finished-at="2025-01-09T11:26:44 IST" duration-ms="511" status="PASS">
          <reporter-output>
          </reporter-output>
        </test-method> <!-- postCondition -->
        <test-method is-config="true" signature="tearDownClass()[pri:0, instance:runner.RunnerCucumber@6892b3b6]" started-at="2025-01-09T11:26:44 IST" name="tearDownClass" finished-at="2025-01-09T11:26:46 IST" duration-ms="2620" status="PASS">
          <reporter-output>
          </reporter-output>
        </test-method> <!-- tearDownClass -->
      </class> <!-- runner.RunnerCucumber -->
    </test> <!-- Default test -->
  </suite> <!-- Default suite -->
</testng-results>
