<?xml version="1.0" encoding="UTF-8"?>
<!-- Generated by org.testng.reporters.JUnitXMLReporter -->
<testsuite ignored="0" hostname="DESKTOP-OBSQM2G" failures="0" tests="4" name="Test" time="51.697" errors="0" timestamp="2024-11-21T12:49:10 IST">
  <testcase classname="testcases.RunLogin" name="runLogin" time="0.9"/>
  <testcase classname="testcases.RunLogin" name="runLogin" time="3.048"/>
  <testcase classname="testcases.RunCreateLead" name="runCL" time="8.032"/>
  <testcase classname="testcases.RunCreateLead" name="runCL" time="8.25"/>
</testsuite> <!-- Test -->
