<?xml version="1.0" encoding="UTF-8"?>
<testng-results ignored="0" total="2" passed="2" failed="0" skipped="0">
  <reporter-output>
  </reporter-output>
  <suite started-at="2024-11-25T11:26:03 IST" name="Default suite" finished-at="2024-11-25T11:26:43 IST" duration-ms="39799">
    <groups>
      <group name="cucumber">
        <method signature="AbstractTestNGCucumberTests.runScenario(io.cucumber.testng.PickleWrapper,io.cucumber.testng.FeatureWrapper)[pri:0, instance:testcases.RunnerCucumber@75437611]" name="runScenario" class="io.cucumber.testng.AbstractTestNGCucumberTests"/>
      </group> <!-- cucumber -->
    </groups>
    <test started-at="2024-11-25T11:26:03 IST" name="Default test" finished-at="2024-11-25T11:26:43 IST" duration-ms="39799">
      <class name="testcases.RunnerCucumber">
        <test-method is-config="true" signature="setUpClass(org.testng.ITestContext)[pri:0, instance:testcases.RunnerCucumber@75437611]" started-at="2024-11-25T11:26:03 IST" name="setUpClass" finished-at="2024-11-25T11:26:04 IST" duration-ms="738" status="PASS">
          <params>
            <param index="0">
              <value>
                <![CDATA[org.testng.TestRunner@1213ffbc]]>
              </value>
            </param>
          </params>
          <reporter-output>
          </reporter-output>
        </test-method> <!-- setUpClass -->
        <test-method is-config="true" signature="preCondition()[pri:0, instance:testcases.RunnerCucumber@75437611]" started-at="2024-11-25T11:26:04 IST" name="preCondition" finished-at="2024-11-25T11:26:15 IST" duration-ms="10801" status="PASS">
          <reporter-output>
          </reporter-output>
        </test-method> <!-- preCondition -->
        <test-method signature="runScenario(io.cucumber.testng.PickleWrapper,io.cucumber.testng.FeatureWrapper)[pri:0, instance:testcases.RunnerCucumber@75437611]" started-at="2024-11-25T11:26:15 IST" name="runScenario" description="Runs Cucumber Scenarios" data-provider="scenarios" finished-at="2024-11-25T11:26:24 IST" duration-ms="9578" status="PASS">
          <params>
            <param index="0">
              <value>
                <![CDATA["Create new lead with two sets of data"]]>
              </value>
            </param>
            <param index="1">
              <value>
                <![CDATA["Create New Lead after Login"]]>
              </value>
            </param>
          </params>
          <reporter-output>
          </reporter-output>
        </test-method> <!-- runScenario -->
        <test-method is-config="true" signature="postCondition()[pri:0, instance:testcases.RunnerCucumber@75437611]" started-at="2024-11-25T11:26:24 IST" name="postCondition" finished-at="2024-11-25T11:26:25 IST" duration-ms="246" status="PASS">
          <reporter-output>
          </reporter-output>
        </test-method> <!-- postCondition -->
        <test-method is-config="true" signature="preCondition()[pri:0, instance:testcases.RunnerCucumber@75437611]" started-at="2024-11-25T11:26:25 IST" name="preCondition" finished-at="2024-11-25T11:26:32 IST" duration-ms="7148" status="PASS">
          <reporter-output>
          </reporter-output>
        </test-method> <!-- preCondition -->
        <test-method signature="runScenario(io.cucumber.testng.PickleWrapper,io.cucumber.testng.FeatureWrapper)[pri:0, instance:testcases.RunnerCucumber@75437611]" started-at="2024-11-25T11:26:32 IST" name="runScenario" description="Runs Cucumber Scenarios" data-provider="scenarios" finished-at="2024-11-25T11:26:40 IST" duration-ms="8156" status="PASS">
          <params>
            <param index="0">
              <value>
                <![CDATA["Create new lead with two sets of data"]]>
              </value>
            </param>
            <param index="1">
              <value>
                <![CDATA["Create New Lead after Login"]]>
              </value>
            </param>
          </params>
          <reporter-output>
          </reporter-output>
        </test-method> <!-- runScenario -->
        <test-method is-config="true" signature="postCondition()[pri:0, instance:testcases.RunnerCucumber@75437611]" started-at="2024-11-25T11:26:40 IST" name="postCondition" finished-at="2024-11-25T11:26:40 IST" duration-ms="300" status="PASS">
          <reporter-output>
          </reporter-output>
        </test-method> <!-- postCondition -->
        <test-method is-config="true" signature="tearDownClass()[pri:0, instance:testcases.RunnerCucumber@75437611]" started-at="2024-11-25T11:26:40 IST" name="tearDownClass" finished-at="2024-11-25T11:26:43 IST" duration-ms="2753" status="PASS">
          <reporter-output>
          </reporter-output>
        </test-method> <!-- tearDownClass -->
      </class> <!-- testcases.RunnerCucumber -->
    </test> <!-- Default test -->
  </suite> <!-- Default suite -->
</testng-results>
