<?xml version="1.0" encoding="UTF-8"?>
<testng-results ignored="0" total="2" passed="2" failed="0" skipped="0">
  <reporter-output>
  </reporter-output>
  <suite started-at="2024-11-26T12:01:49 IST" name="Suite" finished-at="2024-11-26T12:02:21 IST" duration-ms="32433">
    <groups>
      <group name="cucumber">
        <method signature="AbstractTestNGCucumberTests.runScenario(io.cucumber.testng.PickleWrapper,io.cucumber.testng.FeatureWrapper)[pri:0, instance:testcases.RunLogin@16eb3ea3]" name="runScenario" class="io.cucumber.testng.AbstractTestNGCucumberTests"/>
      </group> <!-- cucumber -->
    </groups>
    <test started-at="2024-11-26T12:01:49 IST" name="Test" finished-at="2024-11-26T12:02:21 IST" duration-ms="32433">
      <class name="testcases.RunLogin">
        <test-method is-config="true" signature="startReports()[pri:0, instance:testcases.RunLogin@16eb3ea3]" started-at="2024-11-26T12:01:48 IST" name="startReports" finished-at="2024-11-26T12:01:49 IST" duration-ms="164" status="PASS">
          <reporter-output>
          </reporter-output>
        </test-method> <!-- startReports -->
        <test-method is-config="true" signature="setValues()[pri:0, instance:testcases.RunLogin@16eb3ea3]" started-at="2024-11-26T12:01:49 IST" name="setValues" finished-at="2024-11-26T12:01:49 IST" duration-ms="1" status="PASS">
          <reporter-output>
          </reporter-output>
        </test-method> <!-- setValues -->
        <test-method is-config="true" signature="setUpClass(org.testng.ITestContext)[pri:0, instance:testcases.RunLogin@16eb3ea3]" started-at="2024-11-26T12:01:49 IST" name="setUpClass" finished-at="2024-11-26T12:01:49 IST" duration-ms="172" status="PASS">
          <params>
            <param index="0">
              <value>
                <![CDATA[org.testng.TestRunner@7fd4e815]]>
              </value>
            </param>
          </params>
          <reporter-output>
          </reporter-output>
        </test-method> <!-- setUpClass -->
        <test-method is-config="true" signature="testcaseDetails()[pri:0, instance:testcases.RunLogin@16eb3ea3]" started-at="2024-11-26T12:01:49 IST" name="testcaseDetails" finished-at="2024-11-26T12:01:49 IST" duration-ms="4" status="PASS">
          <reporter-output>
          </reporter-output>
        </test-method> <!-- testcaseDetails -->
        <test-method is-config="true" signature="preCondition()[pri:0, instance:testcases.RunLogin@16eb3ea3]" started-at="2024-11-26T12:01:50 IST" name="preCondition" finished-at="2024-11-26T12:02:07 IST" duration-ms="17687" status="PASS">
          <reporter-output>
          </reporter-output>
        </test-method> <!-- preCondition -->
        <test-method signature="runLogin(java.lang.String,java.lang.String)[pri:0, instance:testcases.RunLogin@16eb3ea3]" started-at="2024-11-26T12:02:07 IST" name="runLogin" data-provider="sendData" finished-at="2024-11-26T12:02:09 IST" duration-ms="1477" status="PASS">
          <params>
            <param index="0">
              <value>
                <![CDATA[demosalesmanager]]>
              </value>
            </param>
            <param index="1">
              <value>
                <![CDATA[crmsfa]]>
              </value>
            </param>
          </params>
          <reporter-output>
          </reporter-output>
        </test-method> <!-- runLogin -->
        <test-method is-config="true" signature="postCondition()[pri:0, instance:testcases.RunLogin@16eb3ea3]" started-at="2024-11-26T12:02:09 IST" name="postCondition" finished-at="2024-11-26T12:02:10 IST" duration-ms="657" status="PASS">
          <reporter-output>
          </reporter-output>
        </test-method> <!-- postCondition -->
        <test-method is-config="true" signature="preCondition()[pri:0, instance:testcases.RunLogin@16eb3ea3]" started-at="2024-11-26T12:02:10 IST" name="preCondition" finished-at="2024-11-26T12:02:19 IST" duration-ms="9765" status="PASS">
          <reporter-output>
          </reporter-output>
        </test-method> <!-- preCondition -->
        <test-method signature="runLogin(java.lang.String,java.lang.String)[pri:0, instance:testcases.RunLogin@16eb3ea3]" started-at="2024-11-26T12:02:19 IST" name="runLogin" data-provider="sendData" finished-at="2024-11-26T12:02:21 IST" duration-ms="1307" status="PASS">
          <params>
            <param index="0">
              <value>
                <![CDATA[democsr]]>
              </value>
            </param>
            <param index="1">
              <value>
                <![CDATA[crmsfa]]>
              </value>
            </param>
          </params>
          <reporter-output>
          </reporter-output>
        </test-method> <!-- runLogin -->
        <test-method is-config="true" signature="postCondition()[pri:0, instance:testcases.RunLogin@16eb3ea3]" started-at="2024-11-26T12:02:21 IST" name="postCondition" finished-at="2024-11-26T12:02:21 IST" duration-ms="322" status="PASS">
          <reporter-output>
          </reporter-output>
        </test-method> <!-- postCondition -->
        <test-method is-config="true" signature="tearDownClass()[pri:0, instance:testcases.RunLogin@16eb3ea3]" started-at="2024-11-26T12:02:21 IST" name="tearDownClass" finished-at="2024-11-26T12:02:21 IST" duration-ms="19" status="PASS">
          <reporter-output>
          </reporter-output>
        </test-method> <!-- tearDownClass -->
        <test-method is-config="true" signature="stopReports()[pri:0, instance:testcases.RunLogin@16eb3ea3]" started-at="2024-11-26T12:02:21 IST" name="stopReports" finished-at="2024-11-26T12:02:22 IST" duration-ms="1100" status="PASS">
          <reporter-output>
          </reporter-output>
        </test-method> <!-- stopReports -->
      </class> <!-- testcases.RunLogin -->
    </test> <!-- Test -->
  </suite> <!-- Suite -->
</testng-results>
