<?xml version="1.0" encoding="UTF-8"?>
<!-- Generated by org.testng.reporters.JUnitXMLReporter -->
<testsuite ignored="0" hostname="DESKTOP-OBSQM2G" failures="0" tests="4" name="Test" time="51.623" errors="0" timestamp="2024-11-20T11:52:29 IST">
  <testcase classname="testcases.RunLogin" name="runLogin" time="0.711"/>
  <testcase classname="testcases.RunLogin" name="runLogin" time="2.347"/>
  <testcase classname="testcases.RunCreateLead" name="runCL" time="8.493"/>
  <testcase classname="testcases.RunCreateLead" name="runCL" time="7.996"/>
</testsuite> <!-- Test -->
