<?xml version="1.0" encoding="UTF-8"?>
<testng-results ignored="0" total="2" passed="2" failed="0" skipped="0">
  <reporter-output>
  </reporter-output>
  <suite started-at="2024-11-21T12:27:56 IST" name="Suite" finished-at="2024-11-21T12:28:29 IST" duration-ms="33431">
    <groups>
    </groups>
    <test started-at="2024-11-21T12:27:56 IST" name="Test" finished-at="2024-11-21T12:28:29 IST" duration-ms="33431">
      <class name="testcases.RunCreateLead">
        <test-method is-config="true" signature="setValues()[pri:0, instance:testcases.RunCreateLead@1c7696c6]" started-at="2024-11-21T12:27:56 IST" name="setValues" finished-at="2024-11-21T12:27:56 IST" duration-ms="7" status="PASS">
          <reporter-output>
          </reporter-output>
        </test-method> <!-- setValues -->
        <test-method is-config="true" signature="preCondition()[pri:0, instance:testcases.RunCreateLead@1c7696c6]" started-at="2024-11-21T12:27:57 IST" name="preCondition" finished-at="2024-11-21T12:28:06 IST" duration-ms="8573" status="PASS">
          <reporter-output>
          </reporter-output>
        </test-method> <!-- preCondition -->
        <test-method signature="runCL(java.lang.String,java.lang.String,java.lang.String,java.lang.String,java.lang.String)[pri:0, instance:testcases.RunCreateLead@1c7696c6]" started-at="2024-11-21T12:28:06 IST" name="runCL" data-provider="sendData" finished-at="2024-11-21T12:28:14 IST" duration-ms="8045" status="PASS">
          <params>
            <param index="0">
              <value>
                <![CDATA[demosalesmanager]]>
              </value>
            </param>
            <param index="1">
              <value>
                <![CDATA[crmsfa]]>
              </value>
            </param>
            <param index="2">
              <value>
                <![CDATA[TestLeaf]]>
              </value>
            </param>
            <param index="3">
              <value>
                <![CDATA[Surya]]>
              </value>
            </param>
            <param index="4">
              <value>
                <![CDATA[B]]>
              </value>
            </param>
          </params>
          <reporter-output>
          </reporter-output>
        </test-method> <!-- runCL -->
        <test-method is-config="true" signature="postCondition()[pri:0, instance:testcases.RunCreateLead@1c7696c6]" started-at="2024-11-21T12:28:14 IST" name="postCondition" finished-at="2024-11-21T12:28:14 IST" duration-ms="283" status="PASS">
          <reporter-output>
          </reporter-output>
        </test-method> <!-- postCondition -->
        <test-method is-config="true" signature="preCondition()[pri:0, instance:testcases.RunCreateLead@1c7696c6]" started-at="2024-11-21T12:28:14 IST" name="preCondition" finished-at="2024-11-21T12:28:21 IST" duration-ms="7356" status="PASS">
          <reporter-output>
          </reporter-output>
        </test-method> <!-- preCondition -->
        <test-method signature="runCL(java.lang.String,java.lang.String,java.lang.String,java.lang.String,java.lang.String)[pri:0, instance:testcases.RunCreateLead@1c7696c6]" started-at="2024-11-21T12:28:21 IST" name="runCL" data-provider="sendData" finished-at="2024-11-21T12:28:29 IST" duration-ms="7712" status="PASS">
          <params>
            <param index="0">
              <value>
                <![CDATA[democsr]]>
              </value>
            </param>
            <param index="1">
              <value>
                <![CDATA[crmsfa]]>
              </value>
            </param>
            <param index="2">
              <value>
                <![CDATA[TestLeaf]]>
              </value>
            </param>
            <param index="3">
              <value>
                <![CDATA[Subraja]]>
              </value>
            </param>
            <param index="4">
              <value>
                <![CDATA[S]]>
              </value>
            </param>
          </params>
          <reporter-output>
          </reporter-output>
        </test-method> <!-- runCL -->
        <test-method is-config="true" signature="postCondition()[pri:0, instance:testcases.RunCreateLead@1c7696c6]" started-at="2024-11-21T12:28:29 IST" name="postCondition" finished-at="2024-11-21T12:28:29 IST" duration-ms="238" status="PASS">
          <reporter-output>
          </reporter-output>
        </test-method> <!-- postCondition -->
      </class> <!-- testcases.RunCreateLead -->
    </test> <!-- Test -->
  </suite> <!-- Suite -->
</testng-results>
